# JRE version: Java(TM) SE Runtime Environment (8.0_05-b13) (build 1.8.0_05-b13)
# Java VM: Java HotSpot(TM) 64-Bit Server VM (25.5-b02 mixed mode linux-amd64 compressed oops)
Heap:
 PSYoungGen      total 44544K, used 19597K [0x00000000e0000000, 0x00000000e4000000, 0x0000000100000000)
  eden space 27136K, 46% used [0x00000000e0000000,0x00000000e0c67500,0x00000000e1a80000)
  from space 17408K, 39% used [0x00000000e2c80000,0x00000000e333c070,0x00000000e3d80000)
  to   space 18432K, 0% used [0x00000000e1a80000,0x00000000e1a80000,0x00000000e2c80000)
 ParOldGen       total 32256K, used 22910K [0x00000000a0000000, 0x00000000a1f80000, 0x00000000e0000000)
  object space 32256K, 71% used [0x00000000a0000000,0x00000000a165fb08,0x00000000a1f80000)
 Metaspace       used 62685K, capacity 67289K, committed 67632K, reserved 1107968K
  class space    used 7438K, capacity 8885K, committed 9008K, reserved 1048576K
GC Heap History (10 events):
Event: 4.989 GC heap before
{Heap before GC invocations=20 (full 3):
 PSYoungGen      total 35840K, used 10222K [0x00000000e0000000, 0x00000000e3480000, 0x0000000100000000)
  eden space 25600K, 0% used [0x00000000e0000000,0x00000000e0000000,0x00000000e1900000)
  from space 10240K, 99% used [0x00000000e1900000,0x00000000e22fb890,0x00000000e2300000)
  to   space 12800K, 0% used [0x00000000e2800000,0x00000000e2800000,0x00000000e3480000)
 ParOldGen       total 16896K, used 14284K [0x00000000a0000000, 0x00000000a1080000, 0x00000000e0000000)
  object space 16896K, 84% used [0x00000000a0000000,0x00000000a0df3088,0x00000000a1080000)
 Metaspace       used 44978K, capacity 48515K, committed 48816K, reserved 1091584K
  class space    used 5025K, capacity 5999K, committed 6064K, reserved 1048576K
Event: 5.195 GC heap after
Heap after GC invocations=20 (full 3):
 PSYoungGen      total 35840K, used 5469K [0x00000000e0000000, 0x00000000e3480000, 0x0000000100000000)
  eden space 25600K, 0% used [0x00000000e0000000,0x00000000e0000000,0x00000000e1900000)
  from space 10240K, 53% used [0x00000000e1900000,0x00000000e1e57598,0x00000000e2300000)
  to   space 12800K, 0% used [0x00000000e2800000,0x00000000e2800000,0x00000000e3480000)
 ParOldGen       total 23040K, used 16585K [0x00000000a0000000, 0x00000000a1680000, 0x00000000e0000000)
  object space 23040K, 71% used [0x00000000a0000000,0x00000000a1032570,0x00000000a1680000)
 Metaspace       used 44978K, capacity 48515K, committed 48816K, reserved 1091584K
  class space    used 5025K, capacity 5999K, committed 6064K, reserved 1048576K
}
Event: 6.135 GC heap before
{Heap before GC invocations=21 (full 3):
 PSYoungGen      total 35840K, used 31069K [0x00000000e0000000, 0x00000000e3480000, 0x0000000100000000)
  eden space 25600K, 100% used [0x00000000e0000000,0x00000000e1900000,0x00000000e1900000)
  from space 10240K, 53% used [0x00000000e1900000,0x00000000e1e57598,0x00000000e2300000)
  to   space 12800K, 0% used [0x00000000e2800000,0x00000000e2800000,0x00000000e3480000)
 ParOldGen       total 23040K, used 16585K [0x00000000a0000000, 0x00000000a1680000, 0x00000000e0000000)
  object space 23040K, 71% used [0x00000000a0000000,0x00000000a1032570,0x00000000a1680000)
 Metaspace       used 51898K, capacity 55539K, committed 55728K, reserved 1097728K
  class space    used 5988K, capacity 6972K, committed 7088K, reserved 1048576K
Event: 6.150 GC heap after
Heap after GC invocations=21 (full 3):
 PSYoungGen      total 38912K, used 12525K [0x00000000e0000000, 0x00000000e3800000, 0x0000000100000000)
  eden space 26112K, 0% used [0x00000000e0000000,0x00000000e0000000,0x00000000e1980000)
  from space 12800K, 97% used [0x00000000e2800000,0x00000000e343b598,0x00000000e3480000)
  to   space 14848K, 0% used [0x00000000e1980000,0x00000000e1980000,0x00000000e2800000)
 ParOldGen       total 23040K, used 17381K [0x00000000a0000000, 0x00000000a1680000, 0x00000000e0000000)
  object space 23040K, 75% used [0x00000000a0000000,0x00000000a10f9580,0x00000000a1680000)
 Metaspace       used 51898K, capacity 55539K, committed 55728K, reserved 1097728K
  class space    used 5988K, capacity 6972K, committed 7088K, reserved 1048576K
}
Event: 7.506 GC heap before
{Heap before GC invocations=22 (full 3):
 PSYoungGen      total 38912K, used 38637K [0x00000000e0000000, 0x00000000e3800000, 0x0000000100000000)
  eden space 26112K, 100% used [0x00000000e0000000,0x00000000e1980000,0x00000000e1980000)
  from space 12800K, 97% used [0x00000000e2800000,0x00000000e343b598,0x00000000e3480000)
  to   space 14848K, 0% used [0x00000000e1980000,0x00000000e1980000,0x00000000e2800000)
 ParOldGen       total 23040K, used 17381K [0x00000000a0000000, 0x00000000a1680000, 0x00000000e0000000)
  object space 23040K, 75% used [0x00000000a0000000,0x00000000a10f9580,0x00000000a1680000)
 Metaspace       used 58697K, capacity 62575K, committed 62896K, reserved 1103872K
  class space    used 6912K, capacity 8032K, committed 8112K, reserved 1048576K
Event: 7.536 GC heap after
Heap after GC invocations=22 (full 3):
 PSYoungGen      total 40960K, used 14828K [0x00000000e0000000, 0x00000000e3d80000, 0x0000000100000000)
  eden space 26112K, 0% used [0x00000000e0000000,0x00000000e0000000,0x00000000e1980000)
  from space 14848K, 99% used [0x00000000e1980000,0x00000000e27fb318,0x00000000e2800000)
  to   space 17408K, 0% used [0x00000000e2c80000,0x00000000e2c80000,0x00000000e3d80000)
 ParOldGen       total 23040K, used 17688K [0x00000000a0000000, 0x00000000a1680000, 0x00000000e0000000)
  object space 23040K, 76% used [0x00000000a0000000,0x00000000a1146350,0x00000000a1680000)
 Metaspace       used 58697K, capacity 62575K, committed 62896K, reserved 1103872K
  class space    used 6912K, capacity 8032K, committed 8112K, reserved 1048576K
}
Event: 8.261 GC heap before
{Heap before GC invocations=23 (full 3):
 PSYoungGen      total 40960K, used 40940K [0x00000000e0000000, 0x00000000e3d80000, 0x0000000100000000)
  eden space 26112K, 100% used [0x00000000e0000000,0x00000000e1980000,0x00000000e1980000)
  from space 14848K, 99% used [0x00000000e1980000,0x00000000e27fb318,0x00000000e2800000)
  to   space 17408K, 0% used [0x00000000e2c80000,0x00000000e2c80000,0x00000000e3d80000)
 ParOldGen       total 23040K, used 17688K [0x00000000a0000000, 0x00000000a1680000, 0x00000000e0000000)
  object space 23040K, 76% used [0x00000000a0000000,0x00000000a1146350,0x00000000a1680000)
 Metaspace       used 62119K, capacity 66873K, committed 66992K, reserved 1107968K
  class space    used 7388K, capacity 8853K, committed 8880K, reserved 1048576K
Event: 8.288 GC heap after
Heap after GC invocations=23 (full 3):
 PSYoungGen      total 44544K, used 12317K [0x00000000e0000000, 0x00000000e4000000, 0x0000000100000000)
  eden space 27136K, 0% used [0x00000000e0000000,0x00000000e0000000,0x00000000e1a80000)
  from space 17408K, 70% used [0x00000000e2c80000,0x00000000e3887538,0x00000000e3d80000)
  to   space 18432K, 0% used [0x00000000e1a80000,0x00000000e1a80000,0x00000000e2c80000)
 ParOldGen       total 23040K, used 21116K [0x00000000a0000000, 0x00000000a1680000, 0x00000000e0000000)
  object space 23040K, 91% used [0x00000000a0000000,0x00000000a149f158,0x00000000a1680000)
 Metaspace       used 62119K, capacity 66873K, committed 66992K, reserved 1107968K
  class space    used 7388K, capacity 8853K, committed 8880K, reserved 1048576K
}
Event: 8.288 GC heap before
{Heap before GC invocations=24 (full 4):
 PSYoungGen      total 44544K, used 12317K [0x00000000e0000000, 0x00000000e4000000, 0x0000000100000000)
  eden space 27136K, 0% used [0x00000000e0000000,0x00000000e0000000,0x00000000e1a80000)
  from space 17408K, 70% used [0x00000000e2c80000,0x00000000e3887538,0x00000000e3d80000)
  to   space 18432K, 0% used [0x00000000e1a80000,0x00000000e1a80000,0x00000000e2c80000)
 ParOldGen       total 23040K, used 21116K [0x00000000a0000000, 0x00000000a1680000, 0x00000000e0000000)
  object space 23040K, 91% used [0x00000000a0000000,0x00000000a149f158,0x00000000a1680000)
 Metaspace       used 62119K, capacity 66873K, committed 66992K, reserved 1107968K
  class space    used 7388K, capacity 8853K, committed 8880K, reserved 1048576K
Event: 8.509 GC heap after
Heap after GC invocations=24 (full 4):
 PSYoungGen      total 44544K, used 6896K [0x00000000e0000000, 0x00000000e4000000, 0x0000000100000000)
  eden space 27136K, 0% used [0x00000000e0000000,0x00000000e0000000,0x00000000e1a80000)
  from space 17408K, 39% used [0x00000000e2c80000,0x00000000e333c070,0x00000000e3d80000)
  to   space 18432K, 0% used [0x00000000e1a80000,0x00000000e1a80000,0x00000000e2c80000)
 ParOldGen       total 32256K, used 22910K [0x00000000a0000000, 0x00000000a1f80000, 0x00000000e0000000)
  object space 32256K, 71% used [0x00000000a0000000,0x00000000a165fb08,0x00000000a1f80000)
 Metaspace       used 62115K, capacity 66867K, committed 66992K, reserved 1107968K
  class space    used 7387K, capacity 8852K, committed 8880K, reserved 1048576K
}

