# JRE version: Java(TM) SE Runtime Environment (8.0_05-b13) (build 1.8.0_05-b13)
# Java VM: Java HotSpot(TM) 64-Bit Server VM (25.5-b02 mixed mode linux-amd64 compressed oops)
Heap:
 PSYoungGen      total 53248K, used 26792K [0x00000000e0000000, 0x00000000e4900000, 0x0000000100000000)
  eden space 36864K, 31% used [0x00000000e0000000,0x00000000e0b66230,0x00000000e2400000)
  from space 16384K, 92% used [0x00000000e3600000,0x00000000e44c40e8,0x00000000e4600000)
  to   space 18432K, 0% used [0x00000000e2400000,0x00000000e2400000,0x00000000e3600000)
 ParOldGen       total 33792K, used 23827K [0x00000000a0000000, 0x00000000a2100000, 0x00000000e0000000)
  object space 33792K, 70% used [0x00000000a0000000,0x00000000a1744d78,0x00000000a2100000)
 Metaspace       used 69256K, capacity 74683K, committed 74800K, reserved 1114112K
  class space    used 8207K, capacity 9752K, committed 9776K, reserved 1048576K
GC Heap History (10 events):
Event: 11.730 GC heap before
{Heap before GC invocations=32 (full 4):
 PSYoungGen      total 43008K, used 38497K [0x00000000e0000000, 0x00000000e3a80000, 0x0000000100000000)
  eden space 29696K, 100% used [0x00000000e0000000,0x00000000e1d00000,0x00000000e1d00000)
  from space 13312K, 66% used [0x00000000e1d00000,0x00000000e2598738,0x00000000e2a00000)
  to   space 13824K, 0% used [0x00000000e2d00000,0x00000000e2d00000,0x00000000e3a80000)
 ParOldGen       total 33792K, used 23787K [0x00000000a0000000, 0x00000000a2100000, 0x00000000e0000000)
  object space 33792K, 70% used [0x00000000a0000000,0x00000000a173ad78,0x00000000a2100000)
 Metaspace       used 65372K, capacity 70729K, committed 70832K, reserved 1110016K
  class space    used 7766K, capacity 9343K, committed 9392K, reserved 1048576K
Event: 11.743 GC heap after
Heap after GC invocations=32 (full 4):
 PSYoungGen      total 46080K, used 9483K [0x00000000e0000000, 0x00000000e3a80000, 0x0000000100000000)
  eden space 32256K, 0% used [0x00000000e0000000,0x00000000e0000000,0x00000000e1f80000)
  from space 13824K, 68% used [0x00000000e2d00000,0x00000000e3642f58,0x00000000e3a80000)
  to   space 13824K, 0% used [0x00000000e1f80000,0x00000000e1f80000,0x00000000e2d00000)
 ParOldGen       total 33792K, used 23795K [0x00000000a0000000, 0x00000000a2100000, 0x00000000e0000000)
  object space 33792K, 70% used [0x00000000a0000000,0x00000000a173cd78,0x00000000a2100000)
 Metaspace       used 65372K, capacity 70729K, committed 70832K, reserved 1110016K
  class space    used 7766K, capacity 9343K, committed 9392K, reserved 1048576K
}
Event: 12.082 GC heap before
{Heap before GC invocations=33 (full 4):
 PSYoungGen      total 46080K, used 41739K [0x00000000e0000000, 0x00000000e3a80000, 0x0000000100000000)
  eden space 32256K, 100% used [0x00000000e0000000,0x00000000e1f80000,0x00000000e1f80000)
  from space 13824K, 68% used [0x00000000e2d00000,0x00000000e3642f58,0x00000000e3a80000)
  to   space 13824K, 0% used [0x00000000e1f80000,0x00000000e1f80000,0x00000000e2d00000)
 ParOldGen       total 33792K, used 23795K [0x00000000a0000000, 0x00000000a2100000, 0x00000000e0000000)
  object space 33792K, 70% used [0x00000000a0000000,0x00000000a173cd78,0x00000000a2100000)
 Metaspace       used 65392K, capacity 70729K, committed 70832K, reserved 1110016K
  class space    used 7766K, capacity 9343K, committed 9392K, reserved 1048576K
Event: 12.113 GC heap after
Heap after GC invocations=33 (full 4):
 PSYoungGen      total 46080K, used 10656K [0x00000000e0000000, 0x00000000e4000000, 0x0000000100000000)
  eden space 32256K, 0% used [0x00000000e0000000,0x00000000e0000000,0x00000000e1f80000)
  from space 13824K, 77% used [0x00000000e1f80000,0x00000000e29e8368,0x00000000e2d00000)
  to   space 14848K, 0% used [0x00000000e3180000,0x00000000e3180000,0x00000000e4000000)
 ParOldGen       total 33792K, used 23803K [0x00000000a0000000, 0x00000000a2100000, 0x00000000e0000000)
  object space 33792K, 70% used [0x00000000a0000000,0x00000000a173ed78,0x00000000a2100000)
 Metaspace       used 65392K, capacity 70729K, committed 70832K, reserved 1110016K
  class space    used 7766K, capacity 9343K, committed 9392K, reserved 1048576K
}
Event: 12.516 GC heap before
{Heap before GC invocations=34 (full 4):
 PSYoungGen      total 46080K, used 42912K [0x00000000e0000000, 0x00000000e4000000, 0x0000000100000000)
  eden space 32256K, 100% used [0x00000000e0000000,0x00000000e1f80000,0x00000000e1f80000)
  from space 13824K, 77% used [0x00000000e1f80000,0x00000000e29e8368,0x00000000e2d00000)
  to   space 14848K, 0% used [0x00000000e3180000,0x00000000e3180000,0x00000000e4000000)
 ParOldGen       total 33792K, used 23803K [0x00000000a0000000, 0x00000000a2100000, 0x00000000e0000000)
  object space 33792K, 70% used [0x00000000a0000000,0x00000000a173ed78,0x00000000a2100000)
 Metaspace       used 65410K, capacity 70729K, committed 70832K, reserved 1110016K
  class space    used 7766K, capacity 9343K, committed 9392K, reserved 1048576K
Event: 12.533 GC heap after
Heap after GC invocations=34 (full 4):
 PSYoungGen      total 50176K, used 10902K [0x00000000e0000000, 0x00000000e4100000, 0x0000000100000000)
  eden space 35328K, 0% used [0x00000000e0000000,0x00000000e0000000,0x00000000e2280000)
  from space 14848K, 73% used [0x00000000e3180000,0x00000000e3c25978,0x00000000e4000000)
  to   space 15360K, 0% used [0x00000000e2280000,0x00000000e2280000,0x00000000e3180000)
 ParOldGen       total 33792K, used 23811K [0x00000000a0000000, 0x00000000a2100000, 0x00000000e0000000)
  object space 33792K, 70% used [0x00000000a0000000,0x00000000a1740d78,0x00000000a2100000)
 Metaspace       used 65410K, capacity 70729K, committed 70832K, reserved 1110016K
  class space    used 7766K, capacity 9343K, committed 9392K, reserved 1048576K
}
Event: 13.649 GC heap before
{Heap before GC invocations=35 (full 4):
 PSYoungGen      total 50176K, used 46230K [0x00000000e0000000, 0x00000000e4100000, 0x0000000100000000)
  eden space 35328K, 100% used [0x00000000e0000000,0x00000000e2280000,0x00000000e2280000)
  from space 14848K, 73% used [0x00000000e3180000,0x00000000e3c25978,0x00000000e4000000)
  to   space 15360K, 0% used [0x00000000e2280000,0x00000000e2280000,0x00000000e3180000)
 ParOldGen       total 33792K, used 23811K [0x00000000a0000000, 0x00000000a2100000, 0x00000000e0000000)
  object space 33792K, 70% used [0x00000000a0000000,0x00000000a1740d78,0x00000000a2100000)
 Metaspace       used 66000K, capacity 71477K, committed 71728K, reserved 1112064K
  class space    used 7838K, capacity 9417K, committed 9520K, reserved 1048576K
Event: 13.666 GC heap after
Heap after GC invocations=35 (full 4):
 PSYoungGen      total 50688K, used 13086K [0x00000000e0000000, 0x00000000e4600000, 0x0000000100000000)
  eden space 35328K, 0% used [0x00000000e0000000,0x00000000e0000000,0x00000000e2280000)
  from space 15360K, 85% used [0x00000000e2280000,0x00000000e2f47a18,0x00000000e3180000)
  to   space 16384K, 0% used [0x00000000e3600000,0x00000000e3600000,0x00000000e4600000)
 ParOldGen       total 33792K, used 23819K [0x00000000a0000000, 0x00000000a2100000, 0x00000000e0000000)
  object space 33792K, 70% used [0x00000000a0000000,0x00000000a1742d78,0x00000000a2100000)
 Metaspace       used 66000K, capacity 71477K, committed 71728K, reserved 1112064K
  class space    used 7838K, capacity 9417K, committed 9520K, reserved 1048576K
}
Event: 301.980 GC heap before
{Heap before GC invocations=36 (full 4):
 PSYoungGen      total 50688K, used 48414K [0x00000000e0000000, 0x00000000e4600000, 0x0000000100000000)
  eden space 35328K, 100% used [0x00000000e0000000,0x00000000e2280000,0x00000000e2280000)
  from space 15360K, 85% used [0x00000000e2280000,0x00000000e2f47a18,0x00000000e3180000)
  to   space 16384K, 0% used [0x00000000e3600000,0x00000000e3600000,0x00000000e4600000)
 ParOldGen       total 33792K, used 23819K [0x00000000a0000000, 0x00000000a2100000, 0x00000000e0000000)
  object space 33792K, 70% used [0x00000000a0000000,0x00000000a1742d78,0x00000000a2100000)
 Metaspace       used 67869K, capacity 73469K, committed 73776K, reserved 1114112K
  class space    used 8078K, capacity 9651K, committed 9776K, reserved 1048576K
Event: 302.010 GC heap after
Heap after GC invocations=36 (full 4):
 PSYoungGen      total 53248K, used 15120K [0x00000000e0000000, 0x00000000e4900000, 0x0000000100000000)
  eden space 36864K, 0% used [0x00000000e0000000,0x00000000e0000000,0x00000000e2400000)
  from space 16384K, 92% used [0x00000000e3600000,0x00000000e44c40e8,0x00000000e4600000)
  to   space 18432K, 0% used [0x00000000e2400000,0x00000000e2400000,0x00000000e3600000)
 ParOldGen       total 33792K, used 23827K [0x00000000a0000000, 0x00000000a2100000, 0x00000000e0000000)
  object space 33792K, 70% used [0x00000000a0000000,0x00000000a1744d78,0x00000000a2100000)
 Metaspace       used 67869K, capacity 73469K, committed 73776K, reserved 1114112K
  class space    used 8078K, capacity 9651K, committed 9776K, reserved 1048576K
}

