# JRE version: Java(TM) SE Runtime Environment (8.0_05-b13) (build 1.8.0_05-b13)
# Java VM: Java HotSpot(TM) 64-Bit Server VM (25.5-b02 mixed mode linux-amd64 compressed oops)
Heap:
 PSYoungGen      total 52736K, used 16612K [0x00000000e0000000, 0x00000000e4b00000, 0x0000000100000000)
  eden space 32768K, 4% used [0x00000000e0000000,0x00000000e01780e8,0x00000000e2000000)
  from space 19968K, 75% used [0x00000000e3500000,0x00000000e43c1310,0x00000000e4880000)
  to   space 21504K, 0% used [0x00000000e2000000,0x00000000e2000000,0x00000000e3500000)
 ParOldGen       total 25600K, used 19346K [0x00000000a0000000, 0x00000000a1900000, 0x00000000e0000000)
  object space 25600K, 75% used [0x00000000a0000000,0x00000000a12e49e8,0x00000000a1900000)
 Metaspace       used 68658K, capacity 74067K, committed 74416K, reserved 1114112K
  class space    used 8141K, capacity 9784K, committed 9904K, reserved 1048576K
GC Heap History (10 events):
Event: 7.032 GC heap before
{Heap before GC invocations=23 (full 3):
 PSYoungGen      total 39424K, used 35829K [0x00000000e0000000, 0x00000000e3800000, 0x0000000100000000)
  eden space 26624K, 100% used [0x00000000e0000000,0x00000000e1a00000,0x00000000e1a00000)
  from space 12800K, 71% used [0x00000000e1a00000,0x00000000e22fd5f0,0x00000000e2680000)
  to   space 13824K, 0% used [0x00000000e2a80000,0x00000000e2a80000,0x00000000e3800000)
 ParOldGen       total 25600K, used 19306K [0x00000000a0000000, 0x00000000a1900000, 0x00000000e0000000)
  object space 25600K, 75% used [0x00000000a0000000,0x00000000a12da9e8,0x00000000a1900000)
 Metaspace       used 59272K, capacity 63419K, committed 63536K, reserved 1103872K
  class space    used 6990K, capacity 8225K, committed 8240K, reserved 1048576K
Event: 7.050 GC heap after
Heap after GC invocations=23 (full 3):
 PSYoungGen      total 41984K, used 11949K [0x00000000e0000000, 0x00000000e3b00000, 0x0000000100000000)
  eden space 28160K, 0% used [0x00000000e0000000,0x00000000e0000000,0x00000000e1b80000)
  from space 13824K, 86% used [0x00000000e2a80000,0x00000000e362b610,0x00000000e3800000)
  to   space 15360K, 0% used [0x00000000e1b80000,0x00000000e1b80000,0x00000000e2a80000)
 ParOldGen       total 25600K, used 19314K [0x00000000a0000000, 0x00000000a1900000, 0x00000000e0000000)
  object space 25600K, 75% used [0x00000000a0000000,0x00000000a12dc9e8,0x00000000a1900000)
 Metaspace       used 59272K, capacity 63419K, committed 63536K, reserved 1103872K
  class space    used 6990K, capacity 8225K, committed 8240K, reserved 1048576K
}
Event: 7.697 GC heap before
{Heap before GC invocations=24 (full 3):
 PSYoungGen      total 41984K, used 40109K [0x00000000e0000000, 0x00000000e3b00000, 0x0000000100000000)
  eden space 28160K, 100% used [0x00000000e0000000,0x00000000e1b80000,0x00000000e1b80000)
  from space 13824K, 86% used [0x00000000e2a80000,0x00000000e362b610,0x00000000e3800000)
  to   space 15360K, 0% used [0x00000000e1b80000,0x00000000e1b80000,0x00000000e2a80000)
 ParOldGen       total 25600K, used 19314K [0x00000000a0000000, 0x00000000a1900000, 0x00000000e0000000)
  object space 25600K, 75% used [0x00000000a0000000,0x00000000a12dc9e8,0x00000000a1900000)
 Metaspace       used 62146K, capacity 66809K, committed 66992K, reserved 1107968K
  class space    used 7381K, capacity 8853K, committed 8880K, reserved 1048576K
Event: 7.731 GC heap after
Heap after GC invocations=24 (full 3):
 PSYoungGen      total 43520K, used 11845K [0x00000000e0000000, 0x00000000e3f00000, 0x0000000100000000)
  eden space 28160K, 0% used [0x00000000e0000000,0x00000000e0000000,0x00000000e1b80000)
  from space 15360K, 77% used [0x00000000e1b80000,0x00000000e2711440,0x00000000e2a80000)
  to   space 16384K, 0% used [0x00000000e2f00000,0x00000000e2f00000,0x00000000e3f00000)
 ParOldGen       total 25600K, used 19322K [0x00000000a0000000, 0x00000000a1900000, 0x00000000e0000000)
  object space 25600K, 75% used [0x00000000a0000000,0x00000000a12de9e8,0x00000000a1900000)
 Metaspace       used 62146K, capacity 66809K, committed 66992K, reserved 1107968K
  class space    used 7381K, capacity 8853K, committed 8880K, reserved 1048576K
}
Event: 8.259 GC heap before
{Heap before GC invocations=25 (full 3):
 PSYoungGen      total 43520K, used 40005K [0x00000000e0000000, 0x00000000e3f00000, 0x0000000100000000)
  eden space 28160K, 100% used [0x00000000e0000000,0x00000000e1b80000,0x00000000e1b80000)
  from space 15360K, 77% used [0x00000000e1b80000,0x00000000e2711440,0x00000000e2a80000)
  to   space 16384K, 0% used [0x00000000e2f00000,0x00000000e2f00000,0x00000000e3f00000)
 ParOldGen       total 25600K, used 19322K [0x00000000a0000000, 0x00000000a1900000, 0x00000000e0000000)
  object space 25600K, 75% used [0x00000000a0000000,0x00000000a12de9e8,0x00000000a1900000)
 Metaspace       used 63053K, capacity 67835K, committed 68144K, reserved 1107968K
  class space    used 7480K, capacity 8914K, committed 9008K, reserved 1048576K
Event: 8.283 GC heap after
Heap after GC invocations=25 (full 3):
 PSYoungGen      total 47104K, used 11655K [0x00000000e0000000, 0x00000000e4180000, 0x0000000100000000)
  eden space 30720K, 0% used [0x00000000e0000000,0x00000000e0000000,0x00000000e1e00000)
  from space 16384K, 71% used [0x00000000e2f00000,0x00000000e3a61f40,0x00000000e3f00000)
  to   space 17408K, 0% used [0x00000000e1e00000,0x00000000e1e00000,0x00000000e2f00000)
 ParOldGen       total 25600K, used 19330K [0x00000000a0000000, 0x00000000a1900000, 0x00000000e0000000)
  object space 25600K, 75% used [0x00000000a0000000,0x00000000a12e09e8,0x00000000a1900000)
 Metaspace       used 63053K, capacity 67835K, committed 68144K, reserved 1107968K
  class space    used 7480K, capacity 8914K, committed 9008K, reserved 1048576K
}
Event: 15.109 GC heap before
{Heap before GC invocations=26 (full 3):
 PSYoungGen      total 47104K, used 42375K [0x00000000e0000000, 0x00000000e4180000, 0x0000000100000000)
  eden space 30720K, 100% used [0x00000000e0000000,0x00000000e1e00000,0x00000000e1e00000)
  from space 16384K, 71% used [0x00000000e2f00000,0x00000000e3a61f40,0x00000000e3f00000)
  to   space 17408K, 0% used [0x00000000e1e00000,0x00000000e1e00000,0x00000000e2f00000)
 ParOldGen       total 25600K, used 19330K [0x00000000a0000000, 0x00000000a1900000, 0x00000000e0000000)
  object space 25600K, 75% used [0x00000000a0000000,0x00000000a12e09e8,0x00000000a1900000)
 Metaspace       used 66625K, capacity 72217K, committed 72368K, reserved 1112064K
  class space    used 7972K, capacity 9625K, committed 9648K, reserved 1048576K
Event: 15.134 GC heap after
Heap after GC invocations=26 (full 3):
 PSYoungGen      total 48128K, used 16745K [0x00000000e0000000, 0x00000000e4880000, 0x0000000100000000)
  eden space 30720K, 0% used [0x00000000e0000000,0x00000000e0000000,0x00000000e1e00000)
  from space 17408K, 96% used [0x00000000e1e00000,0x00000000e2e5a680,0x00000000e2f00000)
  to   space 19968K, 0% used [0x00000000e3500000,0x00000000e3500000,0x00000000e4880000)
 ParOldGen       total 25600K, used 19338K [0x00000000a0000000, 0x00000000a1900000, 0x00000000e0000000)
  object space 25600K, 75% used [0x00000000a0000000,0x00000000a12e29e8,0x00000000a1900000)
 Metaspace       used 66625K, capacity 72217K, committed 72368K, reserved 1112064K
  class space    used 7972K, capacity 9625K, committed 9648K, reserved 1048576K
}
Event: 181.636 GC heap before
{Heap before GC invocations=27 (full 3):
 PSYoungGen      total 48128K, used 47465K [0x00000000e0000000, 0x00000000e4880000, 0x0000000100000000)
  eden space 30720K, 100% used [0x00000000e0000000,0x00000000e1e00000,0x00000000e1e00000)
  from space 17408K, 96% used [0x00000000e1e00000,0x00000000e2e5a680,0x00000000e2f00000)
  to   space 19968K, 0% used [0x00000000e3500000,0x00000000e3500000,0x00000000e4880000)
 ParOldGen       total 25600K, used 19338K [0x00000000a0000000, 0x00000000a1900000, 0x00000000e0000000)
  object space 25600K, 75% used [0x00000000a0000000,0x00000000a12e29e8,0x00000000a1900000)
 Metaspace       used 68264K, capacity 73697K, committed 73776K, reserved 1114112K
  class space    used 8111K, capacity 9749K, committed 9776K, reserved 1048576K
Event: 181.666 GC heap after
Heap after GC invocations=27 (full 3):
 PSYoungGen      total 52736K, used 15108K [0x00000000e0000000, 0x00000000e4b00000, 0x0000000100000000)
  eden space 32768K, 0% used [0x00000000e0000000,0x00000000e0000000,0x00000000e2000000)
  from space 19968K, 75% used [0x00000000e3500000,0x00000000e43c1310,0x00000000e4880000)
  to   space 21504K, 0% used [0x00000000e2000000,0x00000000e2000000,0x00000000e3500000)
 ParOldGen       total 25600K, used 19346K [0x00000000a0000000, 0x00000000a1900000, 0x00000000e0000000)
  object space 25600K, 75% used [0x00000000a0000000,0x00000000a12e49e8,0x00000000a1900000)
 Metaspace       used 68264K, capacity 73697K, committed 73776K, reserved 1114112K
  class space    used 8111K, capacity 9749K, committed 9776K, reserved 1048576K
}

