# JRE version: Java(TM) SE Runtime Environment (8.0_05-b13) (build 1.8.0_05-b13)
# Java VM: Java HotSpot(TM) 64-Bit Server VM (25.5-b02 mixed mode linux-amd64 compressed oops)
Heap:
 PSYoungGen      total 57856K, used 23515K [0x00000000e0000000, 0x00000000e4e80000, 0x0000000100000000)
  eden space 39936K, 21% used [0x00000000e0000000,0x00000000e08510c8,0x00000000e2700000)
  from space 17920K, 83% used [0x00000000e3a00000,0x00000000e48a5e70,0x00000000e4b80000)
  to   space 19456K, 0% used [0x00000000e2700000,0x00000000e2700000,0x00000000e3a00000)
 ParOldGen       total 32256K, used 23380K [0x00000000a0000000, 0x00000000a1f80000, 0x00000000e0000000)
  object space 32256K, 72% used [0x00000000a0000000,0x00000000a16d5028,0x00000000a1f80000)
 Metaspace       used 67604K, capacity 73249K, committed 73520K, reserved 1114112K
  class space    used 8023K, capacity 9673K, committed 9776K, reserved 1048576K
GC Heap History (10 events):
Event: 12.057 GC heap before
{Heap before GC invocations=28 (full 4):
 PSYoungGen      total 50176K, used 42446K [0x00000000e0000000, 0x00000000e4480000, 0x0000000100000000)
  eden space 32768K, 100% used [0x00000000e0000000,0x00000000e2000000,0x00000000e2000000)
  from space 17408K, 55% used [0x00000000e2000000,0x00000000e2973ba0,0x00000000e3100000)
  to   space 17408K, 0% used [0x00000000e3380000,0x00000000e3380000,0x00000000e4480000)
 ParOldGen       total 32256K, used 23348K [0x00000000a0000000, 0x00000000a1f80000, 0x00000000e0000000)
  object space 32256K, 72% used [0x00000000a0000000,0x00000000a16cd028,0x00000000a1f80000)
 Metaspace       used 66812K, capacity 72207K, committed 72368K, reserved 1112064K
  class space    used 7949K, capacity 9566K, committed 9648K, reserved 1048576K
Event: 12.077 GC heap after
Heap after GC invocations=28 (full 4):
 PSYoungGen      total 52736K, used 10240K [0x00000000e0000000, 0x00000000e4500000, 0x0000000100000000)
  eden space 35328K, 0% used [0x00000000e0000000,0x00000000e0000000,0x00000000e2280000)
  from space 17408K, 58% used [0x00000000e3380000,0x00000000e3d80288,0x00000000e4480000)
  to   space 17408K, 0% used [0x00000000e2280000,0x00000000e2280000,0x00000000e3380000)
 ParOldGen       total 32256K, used 23356K [0x00000000a0000000, 0x00000000a1f80000, 0x00000000e0000000)
  object space 32256K, 72% used [0x00000000a0000000,0x00000000a16cf028,0x00000000a1f80000)
 Metaspace       used 66812K, capacity 72207K, committed 72368K, reserved 1112064K
  class space    used 7949K, capacity 9566K, committed 9648K, reserved 1048576K
}
Event: 12.510 GC heap before
{Heap before GC invocations=29 (full 4):
 PSYoungGen      total 52736K, used 45568K [0x00000000e0000000, 0x00000000e4500000, 0x0000000100000000)
  eden space 35328K, 100% used [0x00000000e0000000,0x00000000e2280000,0x00000000e2280000)
  from space 17408K, 58% used [0x00000000e3380000,0x00000000e3d80288,0x00000000e4480000)
  to   space 17408K, 0% used [0x00000000e2280000,0x00000000e2280000,0x00000000e3380000)
 ParOldGen       total 32256K, used 23356K [0x00000000a0000000, 0x00000000a1f80000, 0x00000000e0000000)
  object space 32256K, 72% used [0x00000000a0000000,0x00000000a16cf028,0x00000000a1f80000)
 Metaspace       used 66821K, capacity 72207K, committed 72368K, reserved 1112064K
  class space    used 7949K, capacity 9566K, committed 9648K, reserved 1048576K
Event: 12.533 GC heap after
Heap after GC invocations=29 (full 4):
 PSYoungGen      total 52736K, used 10661K [0x00000000e0000000, 0x00000000e4780000, 0x0000000100000000)
  eden space 35328K, 0% used [0x00000000e0000000,0x00000000e0000000,0x00000000e2280000)
  from space 17408K, 61% used [0x00000000e2280000,0x00000000e2ce94d0,0x00000000e3380000)
  to   space 17408K, 0% used [0x00000000e3680000,0x00000000e3680000,0x00000000e4780000)
 ParOldGen       total 32256K, used 23364K [0x00000000a0000000, 0x00000000a1f80000, 0x00000000e0000000)
  object space 32256K, 72% used [0x00000000a0000000,0x00000000a16d1028,0x00000000a1f80000)
 Metaspace       used 66821K, capacity 72207K, committed 72368K, reserved 1112064K
  class space    used 7949K, capacity 9566K, committed 9648K, reserved 1048576K
}
Event: 13.026 GC heap before
{Heap before GC invocations=30 (full 4):
 PSYoungGen      total 52736K, used 45989K [0x00000000e0000000, 0x00000000e4780000, 0x0000000100000000)
  eden space 35328K, 100% used [0x00000000e0000000,0x00000000e2280000,0x00000000e2280000)
  from space 17408K, 61% used [0x00000000e2280000,0x00000000e2ce94d0,0x00000000e3380000)
  to   space 17408K, 0% used [0x00000000e3680000,0x00000000e3680000,0x00000000e4780000)
 ParOldGen       total 32256K, used 23364K [0x00000000a0000000, 0x00000000a1f80000, 0x00000000e0000000)
  object space 32256K, 72% used [0x00000000a0000000,0x00000000a16d1028,0x00000000a1f80000)
 Metaspace       used 66836K, capacity 72207K, committed 72368K, reserved 1112064K
  class space    used 7949K, capacity 9566K, committed 9648K, reserved 1048576K
Event: 13.050 GC heap after
Heap after GC invocations=30 (full 4):
 PSYoungGen      total 55296K, used 11273K [0x00000000e0000000, 0x00000000e4900000, 0x0000000100000000)
  eden space 37888K, 0% used [0x00000000e0000000,0x00000000e0000000,0x00000000e2500000)
  from space 17408K, 64% used [0x00000000e3680000,0x00000000e41826b0,0x00000000e4780000)
  to   space 17920K, 0% used [0x00000000e2500000,0x00000000e2500000,0x00000000e3680000)
 ParOldGen       total 32256K, used 23364K [0x00000000a0000000, 0x00000000a1f80000, 0x00000000e0000000)
  object space 32256K, 72% used [0x00000000a0000000,0x00000000a16d1028,0x00000000a1f80000)
 Metaspace       used 66836K, capacity 72207K, committed 72368K, reserved 1112064K
  class space    used 7949K, capacity 9566K, committed 9648K, reserved 1048576K
}
Event: 13.537 GC heap before
{Heap before GC invocations=31 (full 4):
 PSYoungGen      total 55296K, used 49161K [0x00000000e0000000, 0x00000000e4900000, 0x0000000100000000)
  eden space 37888K, 100% used [0x00000000e0000000,0x00000000e2500000,0x00000000e2500000)
  from space 17408K, 64% used [0x00000000e3680000,0x00000000e41826b0,0x00000000e4780000)
  to   space 17920K, 0% used [0x00000000e2500000,0x00000000e2500000,0x00000000e3680000)
 ParOldGen       total 32256K, used 23364K [0x00000000a0000000, 0x00000000a1f80000, 0x00000000e0000000)
  object space 32256K, 72% used [0x00000000a0000000,0x00000000a16d1028,0x00000000a1f80000)
 Metaspace       used 66848K, capacity 72207K, committed 72368K, reserved 1112064K
  class space    used 7949K, capacity 9566K, committed 9648K, reserved 1048576K
Event: 13.556 GC heap after
Heap after GC invocations=31 (full 4):
 PSYoungGen      total 55808K, used 11805K [0x00000000e0000000, 0x00000000e4b80000, 0x0000000100000000)
  eden space 37888K, 0% used [0x00000000e0000000,0x00000000e0000000,0x00000000e2500000)
  from space 17920K, 65% used [0x00000000e2500000,0x00000000e3087650,0x00000000e3680000)
  to   space 17920K, 0% used [0x00000000e3a00000,0x00000000e3a00000,0x00000000e4b80000)
 ParOldGen       total 32256K, used 23372K [0x00000000a0000000, 0x00000000a1f80000, 0x00000000e0000000)
  object space 32256K, 72% used [0x00000000a0000000,0x00000000a16d3028,0x00000000a1f80000)
 Metaspace       used 66848K, capacity 72207K, committed 72368K, reserved 1112064K
  class space    used 7949K, capacity 9566K, committed 9648K, reserved 1048576K
}
Event: 15.454 GC heap before
{Heap before GC invocations=32 (full 4):
 PSYoungGen      total 55808K, used 49693K [0x00000000e0000000, 0x00000000e4b80000, 0x0000000100000000)
  eden space 37888K, 100% used [0x00000000e0000000,0x00000000e2500000,0x00000000e2500000)
  from space 17920K, 65% used [0x00000000e2500000,0x00000000e3087650,0x00000000e3680000)
  to   space 17920K, 0% used [0x00000000e3a00000,0x00000000e3a00000,0x00000000e4b80000)
 ParOldGen       total 32256K, used 23372K [0x00000000a0000000, 0x00000000a1f80000, 0x00000000e0000000)
  object space 32256K, 72% used [0x00000000a0000000,0x00000000a16d3028,0x00000000a1f80000)
 Metaspace       used 67146K, capacity 72705K, committed 72880K, reserved 1112064K
  class space    used 7987K, capacity 9641K, committed 9648K, reserved 1048576K
Event: 15.472 GC heap after
Heap after GC invocations=32 (full 4):
 PSYoungGen      total 57856K, used 14999K [0x00000000e0000000, 0x00000000e4e80000, 0x0000000100000000)
  eden space 39936K, 0% used [0x00000000e0000000,0x00000000e0000000,0x00000000e2700000)
  from space 17920K, 83% used [0x00000000e3a00000,0x00000000e48a5e70,0x00000000e4b80000)
  to   space 19456K, 0% used [0x00000000e2700000,0x00000000e2700000,0x00000000e3a00000)
 ParOldGen       total 32256K, used 23380K [0x00000000a0000000, 0x00000000a1f80000, 0x00000000e0000000)
  object space 32256K, 72% used [0x00000000a0000000,0x00000000a16d5028,0x00000000a1f80000)
 Metaspace       used 67146K, capacity 72705K, committed 72880K, reserved 1112064K
  class space    used 7987K, capacity 9641K, committed 9648K, reserved 1048576K
}

